proguard_logs/mapping.txt
fr.nicopico.dashclock.birthday.BirthdayService -> fr.nicopico.dashclock.birthday.BirthdayService:
    fr.nicopico.dashclock.birthday.data.BirthdayRetriever birthdayRetriever -> a
    int daysLimit -> b
    boolean showQuickContact -> c
    void onInitialize(boolean) -> a
    void updatePreferences() -> b
    void onUpdateData(int) -> a
fr.nicopico.dashclock.birthday.QuickContactProxy -> fr.nicopico.dashclock.birthday.QuickContactProxy:
    java.lang.String TAG -> a
    android.content.Intent buildIntent(android.content.Context,java.lang.String) -> a
    void onCreate(android.os.Bundle) -> onCreate
fr.nicopico.dashclock.birthday.SettingsActivity -> fr.nicopico.dashclock.birthday.SettingsActivity:
    android.preference.Preference$OnPreferenceChangeListener sBindPreferenceSummaryToValueListener -> a
    void onCreate(android.os.Bundle) -> onCreate
    void onPostCreate(android.os.Bundle) -> onPostCreate
    boolean onOptionsItemSelected(android.view.MenuItem) -> onOptionsItemSelected
    void setupSimplePreferencesScreen() -> a
    void bindPreferenceSummaryToValue(android.preference.Preference) -> a
fr.nicopico.dashclock.birthday.SettingsActivity$1 -> fr.nicopico.dashclock.birthday.a:
    boolean onPreferenceChange(android.preference.Preference,java.lang.Object) -> onPreferenceChange
fr.nicopico.dashclock.birthday.data.Birthday -> fr.nicopico.dashclock.birthday.a.a:
    long contactId -> a
    java.lang.String lookupKey -> b
    java.lang.String displayName -> c
    java.lang.String uriPhoto -> d
    java.lang.String uriThumbnail -> e
    org.joda.time.MonthDay birthdayDate -> f
    boolean unknownYear -> g
    int year -> h
    org.joda.time.MonthDay TODAY -> i
    int compareTo(fr.nicopico.dashclock.birthday.data.Birthday) -> a
    int getSign(int) -> a
    int compareTo(java.lang.Object) -> compareTo
fr.nicopico.dashclock.birthday.data.BirthdayRetriever -> fr.nicopico.dashclock.birthday.a.b:
    java.util.regex.Pattern regexDate -> a
    java.util.List getContactWithBirthdays(android.content.Context) -> a
    fr.nicopico.dashclock.birthday.data.Birthday buildBirthday(android.content.ContentResolver,android.database.Cursor) -> a
...
org.joda.time.field.ZeroIsMaxDateTimeField -> a.a.a.c.s:
    int get(long) -> a
    long add(long,int) -> a
    long add(long,long) -> a
    int getDifference(long,long) -> b
    long getDifferenceAsLong(long,long) -> c
    long set(long,int) -> b
    boolean isLeap(long) -> b
    org.joda.time.DurationField getLeapDurationField() -> f
    int getMinimumValue() -> g
    int getMinimumValue(org.joda.time.ReadablePartial) -> a
    int getMinimumValue(org.joda.time.ReadablePartial,int[]) -> a
    int getMaximumValue() -> h
    int getMaximumValue(long) -> c
    int getMaximumValue(org.joda.time.ReadablePartial) -> b
    int getMaximumValue(org.joda.time.ReadablePartial,int[]) -> b
    long roundFloor(long) -> d
    long roundCeiling(long) -> e
    long roundHalfFloor(long) -> f
    long roundHalfCeiling(long) -> g
    long roundHalfEven(long) -> h
    long remainder(long) -> i
org.joda.time.format.DateTimeFormat -> a.a.a.d.a:
    java.util.Map PATTERN_CACHE -> a
    org.joda.time.format.DateTimeFormatter[] STYLE_CACHE -> b
    org.joda.time.format.DateTimeFormatter forPattern(java.lang.String) -> a
    void parsePatternTo(org.joda.time.format.DateTimeFormatterBuilder,java.lang.String) -> a
    java.lang.String parseToken(java.lang.String,int[]) -> a
    boolean isNumericToken(java.lang.String) -> b
    org.joda.time.format.DateTimeFormatter createFormatterForPattern(java.lang.String) -> c
org.joda.time.format.DateTimeFormat$1 -> a.a.a.d.b:
    boolean removeEldestEntry(java.util.Map$Entry) -> removeEldestEntry
org.joda.time.format.DateTimeFormatter -> a.a.a.d.c:
    org.joda.time.format.DateTimePrinter iPrinter -> a
    org.joda.time.format.DateTimeParser iParser -> b
    java.util.Locale iLocale -> c
    boolean iOffsetParsed -> d
    org.joda.time.Chronology iChrono -> e
    org.joda.time.DateTimeZone iZone -> f
    java.lang.Integer iPivotYear -> g
    int iDefaultYear -> h
    org.joda.time.format.DateTimePrinter getPrinter() -> a
    org.joda.time.format.DateTimeParser getParser() -> b
    org.joda.time.format.DateTimeFormatter withChronology(org.joda.time.Chronology) -> a
    org.joda.time.format.DateTimeFormatter withZoneUTC() -> c
    org.joda.time.format.DateTimeFormatter withZone(org.joda.time.DateTimeZone) -> a
    void printTo(java.lang.StringBuffer,org.joda.time.ReadableInstant) -> a
    void printTo(java.lang.StringBuffer,org.joda.time.ReadablePartial) -> a
    java.lang.String print(org.joda.time.ReadableInstant) -> a
    java.lang.String print(org.joda.time.ReadablePartial) -> a
    void printTo(java.lang.StringBuffer,long,org.joda.time.Chronology) -> a
    org.joda.time.format.DateTimePrinter requirePrinter() -> d
    long parseMillis(java.lang.String) -> a
    org.joda.time.format.DateTimeParser requireParser() -> e
    org.joda.time.Chronology selectChronology(org.joda.time.Chronology) -> b